<?xml version="1.0" encoding="UTF-8"?>
<testsuite xmlns:xsi="http://www.w3.org/2001/XMLSchema-instance" xsi:noNamespaceSchemaLocation="https://maven.apache.org/surefire/maven-surefire-plugin/xsd/surefire-test-report.xsd" version="3.0.2" name="com.tian.tianjava.TianDemo2ApplicationTests" time="8.5" tests="1" errors="0" skipped="0" failures="0">
  <properties>
    <property name="java.specification.version" value="17"/>
    <property name="sun.cpu.isalist" value="amd64"/>
    <property name="sun.jnu.encoding" value="GBK"/>
    <property name="java.class.path" value="D:\天津港\Tianjava\target\test-classes;D:\天津港\Tianjava\target\classes;D:\maven\apache-maven-3.9.9\repository\repository\org\springframework\boot\spring-boot-starter-security\3.4.5\spring-boot-starter-security-3.4.5.jar;D:\maven\apache-maven-3.9.9\repository\repository\org\springframework\boot\spring-boot-starter\3.4.5\spring-boot-starter-3.4.5.jar;D:\maven\apache-maven-3.9.9\repository\repository\org\springframework\boot\spring-boot\3.4.5\spring-boot-3.4.5.jar;D:\maven\apache-maven-3.9.9\repository\repository\org\springframework\boot\spring-boot-starter-logging\3.4.5\spring-boot-starter-logging-3.4.5.jar;D:\maven\apache-maven-3.9.9\repository\repository\ch\qos\logback\logback-classic\1.5.18\logback-classic-1.5.18.jar;D:\maven\apache-maven-3.9.9\repository\repository\ch\qos\logback\logback-core\1.5.18\logback-core-1.5.18.jar;D:\maven\apache-maven-3.9.9\repository\repository\org\apache\logging\log4j\log4j-to-slf4j\2.24.3\log4j-to-slf4j-2.24.3.jar;D:\maven\apache-maven-3.9.9\repository\repository\org\slf4j\jul-to-slf4j\2.0.17\jul-to-slf4j-2.0.17.jar;D:\maven\apache-maven-3.9.9\repository\repository\jakarta\annotation\jakarta.annotation-api\2.1.1\jakarta.annotation-api-2.1.1.jar;D:\maven\apache-maven-3.9.9\repository\repository\org\yaml\snakeyaml\2.3\snakeyaml-2.3.jar;D:\maven\apache-maven-3.9.9\repository\repository\org\springframework\spring-aop\6.2.6\spring-aop-6.2.6.jar;D:\maven\apache-maven-3.9.9\repository\repository\org\springframework\spring-beans\6.2.6\spring-beans-6.2.6.jar;D:\maven\apache-maven-3.9.9\repository\repository\org\springframework\security\spring-security-config\6.4.5\spring-security-config-6.4.5.jar;D:\maven\apache-maven-3.9.9\repository\repository\org\springframework\spring-context\6.2.6\spring-context-6.2.6.jar;D:\maven\apache-maven-3.9.9\repository\repository\org\springframework\security\spring-security-web\6.4.5\spring-security-web-6.4.5.jar;D:\maven\apache-maven-3.9.9\repository\repository\org\springframework\spring-expression\6.2.6\spring-expression-6.2.6.jar;D:\maven\apache-maven-3.9.9\repository\repository\org\springframework\boot\spring-boot-starter-web\3.4.5\spring-boot-starter-web-3.4.5.jar;D:\maven\apache-maven-3.9.9\repository\repository\org\springframework\boot\spring-boot-starter-json\3.4.5\spring-boot-starter-json-3.4.5.jar;D:\maven\apache-maven-3.9.9\repository\repository\com\fasterxml\jackson\datatype\jackson-datatype-jdk8\2.18.3\jackson-datatype-jdk8-2.18.3.jar;D:\maven\apache-maven-3.9.9\repository\repository\com\fasterxml\jackson\datatype\jackson-datatype-jsr310\2.18.3\jackson-datatype-jsr310-2.18.3.jar;D:\maven\apache-maven-3.9.9\repository\repository\com\fasterxml\jackson\module\jackson-module-parameter-names\2.18.3\jackson-module-parameter-names-2.18.3.jar;D:\maven\apache-maven-3.9.9\repository\repository\org\springframework\boot\spring-boot-starter-tomcat\3.4.5\spring-boot-starter-tomcat-3.4.5.jar;D:\maven\apache-maven-3.9.9\repository\repository\org\apache\tomcat\embed\tomcat-embed-core\10.1.40\tomcat-embed-core-10.1.40.jar;D:\maven\apache-maven-3.9.9\repository\repository\org\apache\tomcat\embed\tomcat-embed-websocket\10.1.40\tomcat-embed-websocket-10.1.40.jar;D:\maven\apache-maven-3.9.9\repository\repository\org\springframework\spring-web\6.2.6\spring-web-6.2.6.jar;D:\maven\apache-maven-3.9.9\repository\repository\io\micrometer\micrometer-observation\1.14.6\micrometer-observation-1.14.6.jar;D:\maven\apache-maven-3.9.9\repository\repository\io\micrometer\micrometer-commons\1.14.6\micrometer-commons-1.14.6.jar;D:\maven\apache-maven-3.9.9\repository\repository\org\springframework\spring-webmvc\6.2.6\spring-webmvc-6.2.6.jar;D:\maven\apache-maven-3.9.9\repository\repository\org\mybatis\spring\boot\mybatis-spring-boot-starter\3.0.4\mybatis-spring-boot-starter-3.0.4.jar;D:\maven\apache-maven-3.9.9\repository\repository\org\springframework\boot\spring-boot-starter-jdbc\3.4.5\spring-boot-starter-jdbc-3.4.5.jar;D:\maven\apache-maven-3.9.9\repository\repository\com\zaxxer\HikariCP\5.1.0\HikariCP-5.1.0.jar;D:\maven\apache-maven-3.9.9\repository\repository\org\springframework\spring-jdbc\6.2.6\spring-jdbc-6.2.6.jar;D:\maven\apache-maven-3.9.9\repository\repository\org\mybatis\spring\boot\mybatis-spring-boot-autoconfigure\3.0.4\mybatis-spring-boot-autoconfigure-3.0.4.jar;D:\maven\apache-maven-3.9.9\repository\repository\org\mybatis\mybatis\3.5.17\mybatis-3.5.17.jar;D:\maven\apache-maven-3.9.9\repository\repository\org\mybatis\mybatis-spring\3.0.4\mybatis-spring-3.0.4.jar;D:\maven\apache-maven-3.9.9\repository\repository\org\springframework\boot\spring-boot-starter-data-redis\3.4.5\spring-boot-starter-data-redis-3.4.5.jar;D:\maven\apache-maven-3.9.9\repository\repository\io\lettuce\lettuce-core\6.4.2.RELEASE\lettuce-core-6.4.2.RELEASE.jar;D:\maven\apache-maven-3.9.9\repository\repository\io\netty\netty-common\4.1.119.Final\netty-common-4.1.119.Final.jar;D:\maven\apache-maven-3.9.9\repository\repository\io\netty\netty-handler\4.1.119.Final\netty-handler-4.1.119.Final.jar;D:\maven\apache-maven-3.9.9\repository\repository\io\netty\netty-transport-native-unix-common\4.1.119.Final\netty-transport-native-unix-common-4.1.119.Final.jar;D:\maven\apache-maven-3.9.9\repository\repository\io\netty\netty-transport\4.1.119.Final\netty-transport-4.1.119.Final.jar;D:\maven\apache-maven-3.9.9\repository\repository\io\projectreactor\reactor-core\3.7.5\reactor-core-3.7.5.jar;D:\maven\apache-maven-3.9.9\repository\repository\org\springframework\data\spring-data-redis\3.4.5\spring-data-redis-3.4.5.jar;D:\maven\apache-maven-3.9.9\repository\repository\org\springframework\data\spring-data-keyvalue\3.4.5\spring-data-keyvalue-3.4.5.jar;D:\maven\apache-maven-3.9.9\repository\repository\org\springframework\spring-tx\6.2.6\spring-tx-6.2.6.jar;D:\maven\apache-maven-3.9.9\repository\repository\org\springframework\spring-oxm\6.2.6\spring-oxm-6.2.6.jar;D:\maven\apache-maven-3.9.9\repository\repository\org\springframework\boot\spring-boot-starter-mail\3.4.5\spring-boot-starter-mail-3.4.5.jar;D:\maven\apache-maven-3.9.9\repository\repository\org\springframework\spring-context-support\6.2.6\spring-context-support-6.2.6.jar;D:\maven\apache-maven-3.9.9\repository\repository\org\eclipse\angus\jakarta.mail\2.0.3\jakarta.mail-2.0.3.jar;D:\maven\apache-maven-3.9.9\repository\repository\jakarta\activation\jakarta.activation-api\2.1.3\jakarta.activation-api-2.1.3.jar;D:\maven\apache-maven-3.9.9\repository\repository\org\eclipse\angus\angus-activation\2.0.2\angus-activation-2.0.2.jar;D:\maven\apache-maven-3.9.9\repository\repository\org\springframework\boot\spring-boot-starter-validation\3.4.5\spring-boot-starter-validation-3.4.5.jar;D:\maven\apache-maven-3.9.9\repository\repository\org\apache\tomcat\embed\tomcat-embed-el\10.1.40\tomcat-embed-el-10.1.40.jar;D:\maven\apache-maven-3.9.9\repository\repository\org\hibernate\validator\hibernate-validator\8.0.2.Final\hibernate-validator-8.0.2.Final.jar;D:\maven\apache-maven-3.9.9\repository\repository\jakarta\validation\jakarta.validation-api\3.0.2\jakarta.validation-api-3.0.2.jar;D:\maven\apache-maven-3.9.9\repository\repository\org\jboss\logging\jboss-logging\3.6.1.Final\jboss-logging-3.6.1.Final.jar;D:\maven\apache-maven-3.9.9\repository\repository\com\fasterxml\classmate\1.7.0\classmate-1.7.0.jar;D:\maven\apache-maven-3.9.9\repository\repository\com\auth0\java-jwt\4.4.0\java-jwt-4.4.0.jar;D:\maven\apache-maven-3.9.9\repository\repository\com\mysql\mysql-connector-j\9.1.0\mysql-connector-j-9.1.0.jar;D:\maven\apache-maven-3.9.9\repository\repository\org\projectlombok\lombok\1.18.38\lombok-1.18.38.jar;D:\maven\apache-maven-3.9.9\repository\repository\org\springframework\boot\spring-boot-starter-test\3.4.5\spring-boot-starter-test-3.4.5.jar;D:\maven\apache-maven-3.9.9\repository\repository\org\springframework\boot\spring-boot-test\3.4.5\spring-boot-test-3.4.5.jar;D:\maven\apache-maven-3.9.9\repository\repository\org\springframework\boot\spring-boot-test-autoconfigure\3.4.5\spring-boot-test-autoconfigure-3.4.5.jar;D:\maven\apache-maven-3.9.9\repository\repository\com\jayway\jsonpath\json-path\2.9.0\json-path-2.9.0.jar;D:\maven\apache-maven-3.9.9\repository\repository\jakarta\xml\bind\jakarta.xml.bind-api\4.0.2\jakarta.xml.bind-api-4.0.2.jar;D:\maven\apache-maven-3.9.9\repository\repository\net\minidev\json-smart\2.5.2\json-smart-2.5.2.jar;D:\maven\apache-maven-3.9.9\repository\repository\net\minidev\accessors-smart\2.5.2\accessors-smart-2.5.2.jar;D:\maven\apache-maven-3.9.9\repository\repository\org\ow2\asm\asm\9.7.1\asm-9.7.1.jar;D:\maven\apache-maven-3.9.9\repository\repository\org\assertj\assertj-core\3.26.3\assertj-core-3.26.3.jar;D:\maven\apache-maven-3.9.9\repository\repository\net\bytebuddy\byte-buddy\1.15.11\byte-buddy-1.15.11.jar;D:\maven\apache-maven-3.9.9\repository\repository\org\awaitility\awaitility\4.2.2\awaitility-4.2.2.jar;D:\maven\apache-maven-3.9.9\repository\repository\org\hamcrest\hamcrest\2.2\hamcrest-2.2.jar;D:\maven\apache-maven-3.9.9\repository\repository\org\junit\jupiter\junit-jupiter\5.11.4\junit-jupiter-5.11.4.jar;D:\maven\apache-maven-3.9.9\repository\repository\org\junit\jupiter\junit-jupiter-api\5.11.4\junit-jupiter-api-5.11.4.jar;D:\maven\apache-maven-3.9.9\repository\repository\org\opentest4j\opentest4j\1.3.0\opentest4j-1.3.0.jar;D:\maven\apache-maven-3.9.9\repository\repository\org\junit\platform\junit-platform-commons\1.11.4\junit-platform-commons-1.11.4.jar;D:\maven\apache-maven-3.9.9\repository\repository\org\apiguardian\apiguardian-api\1.1.2\apiguardian-api-1.1.2.jar;D:\maven\apache-maven-3.9.9\repository\repository\org\junit\jupiter\junit-jupiter-params\5.11.4\junit-jupiter-params-5.11.4.jar;D:\maven\apache-maven-3.9.9\repository\repository\org\junit\jupiter\junit-jupiter-engine\5.11.4\junit-jupiter-engine-5.11.4.jar;D:\maven\apache-maven-3.9.9\repository\repository\org\junit\platform\junit-platform-engine\1.11.4\junit-platform-engine-1.11.4.jar;D:\maven\apache-maven-3.9.9\repository\repository\org\mockito\mockito-core\5.14.2\mockito-core-5.14.2.jar;D:\maven\apache-maven-3.9.9\repository\repository\net\bytebuddy\byte-buddy-agent\1.15.11\byte-buddy-agent-1.15.11.jar;D:\maven\apache-maven-3.9.9\repository\repository\org\objenesis\objenesis\3.3\objenesis-3.3.jar;D:\maven\apache-maven-3.9.9\repository\repository\org\mockito\mockito-junit-jupiter\5.14.2\mockito-junit-jupiter-5.14.2.jar;D:\maven\apache-maven-3.9.9\repository\repository\org\skyscreamer\jsonassert\1.5.3\jsonassert-1.5.3.jar;D:\maven\apache-maven-3.9.9\repository\repository\com\vaadin\external\google\android-json\0.0.20131108.vaadin1\android-json-0.0.20131108.vaadin1.jar;D:\maven\apache-maven-3.9.9\repository\repository\org\springframework\spring-core\6.2.6\spring-core-6.2.6.jar;D:\maven\apache-maven-3.9.9\repository\repository\org\springframework\spring-jcl\6.2.6\spring-jcl-6.2.6.jar;D:\maven\apache-maven-3.9.9\repository\repository\org\springframework\spring-test\6.2.6\spring-test-6.2.6.jar;D:\maven\apache-maven-3.9.9\repository\repository\org\xmlunit\xmlunit-core\2.10.0\xmlunit-core-2.10.0.jar;D:\maven\apache-maven-3.9.9\repository\repository\org\mybatis\spring\boot\mybatis-spring-boot-starter-test\3.0.4\mybatis-spring-boot-starter-test-3.0.4.jar;D:\maven\apache-maven-3.9.9\repository\repository\org\mybatis\spring\boot\mybatis-spring-boot-test-autoconfigure\3.0.4\mybatis-spring-boot-test-autoconfigure-3.0.4.jar;D:\maven\apache-maven-3.9.9\repository\repository\org\springframework\security\spring-security-test\6.4.5\spring-security-test-6.4.5.jar;D:\maven\apache-maven-3.9.9\repository\repository\org\springframework\security\spring-security-core\6.4.5\spring-security-core-6.4.5.jar;D:\maven\apache-maven-3.9.9\repository\repository\org\springframework\security\spring-security-crypto\6.4.5\spring-security-crypto-6.4.5.jar;D:\maven\apache-maven-3.9.9\repository\repository\javax\annotation\javax.annotation-api\1.3.2\javax.annotation-api-1.3.2.jar;D:\maven\apache-maven-3.9.9\repository\repository\org\redisson\redisson-spring-boot-starter\3.23.1\redisson-spring-boot-starter-3.23.1.jar;D:\maven\apache-maven-3.9.9\repository\repository\org\springframework\boot\spring-boot-starter-actuator\3.4.5\spring-boot-starter-actuator-3.4.5.jar;D:\maven\apache-maven-3.9.9\repository\repository\org\springframework\boot\spring-boot-actuator-autoconfigure\3.4.5\spring-boot-actuator-autoconfigure-3.4.5.jar;D:\maven\apache-maven-3.9.9\repository\repository\org\springframework\boot\spring-boot-actuator\3.4.5\spring-boot-actuator-3.4.5.jar;D:\maven\apache-maven-3.9.9\repository\repository\io\micrometer\micrometer-jakarta9\1.14.6\micrometer-jakarta9-1.14.6.jar;D:\maven\apache-maven-3.9.9\repository\repository\io\micrometer\micrometer-core\1.14.6\micrometer-core-1.14.6.jar;D:\maven\apache-maven-3.9.9\repository\repository\org\hdrhistogram\HdrHistogram\2.2.2\HdrHistogram-2.2.2.jar;D:\maven\apache-maven-3.9.9\repository\repository\org\latencyutils\LatencyUtils\2.0.3\LatencyUtils-2.0.3.jar;D:\maven\apache-maven-3.9.9\repository\repository\org\redisson\redisson\3.23.1\redisson-3.23.1.jar;D:\maven\apache-maven-3.9.9\repository\repository\io\netty\netty-codec\4.1.119.Final\netty-codec-4.1.119.Final.jar;D:\maven\apache-maven-3.9.9\repository\repository\io\netty\netty-buffer\4.1.119.Final\netty-buffer-4.1.119.Final.jar;D:\maven\apache-maven-3.9.9\repository\repository\io\netty\netty-resolver\4.1.119.Final\netty-resolver-4.1.119.Final.jar;D:\maven\apache-maven-3.9.9\repository\repository\io\netty\netty-resolver-dns\4.1.119.Final\netty-resolver-dns-4.1.119.Final.jar;D:\maven\apache-maven-3.9.9\repository\repository\io\netty\netty-codec-dns\4.1.119.Final\netty-codec-dns-4.1.119.Final.jar;D:\maven\apache-maven-3.9.9\repository\repository\javax\cache\cache-api\1.1.1\cache-api-1.1.1.jar;D:\maven\apache-maven-3.9.9\repository\repository\org\reactivestreams\reactive-streams\1.0.4\reactive-streams-1.0.4.jar;D:\maven\apache-maven-3.9.9\repository\repository\io\reactivex\rxjava3\rxjava\3.1.10\rxjava-3.1.10.jar;D:\maven\apache-maven-3.9.9\repository\repository\org\jboss\marshalling\jboss-marshalling\2.0.11.Final\jboss-marshalling-2.0.11.Final.jar;D:\maven\apache-maven-3.9.9\repository\repository\org\jboss\marshalling\jboss-marshalling-river\2.0.11.Final\jboss-marshalling-river-2.0.11.Final.jar;D:\maven\apache-maven-3.9.9\repository\repository\com\esotericsoftware\kryo\5.5.0\kryo-5.5.0.jar;D:\maven\apache-maven-3.9.9\repository\repository\com\esotericsoftware\reflectasm\1.11.9\reflectasm-1.11.9.jar;D:\maven\apache-maven-3.9.9\repository\repository\com\esotericsoftware\minlog\1.3.1\minlog-1.3.1.jar;D:\maven\apache-maven-3.9.9\repository\repository\com\fasterxml\jackson\dataformat\jackson-dataformat-yaml\2.18.3\jackson-dataformat-yaml-2.18.3.jar;D:\maven\apache-maven-3.9.9\repository\repository\org\jodd\jodd-bean\5.1.6\jodd-bean-5.1.6.jar;D:\maven\apache-maven-3.9.9\repository\repository\org\jodd\jodd-core\5.1.6\jodd-core-5.1.6.jar;D:\maven\apache-maven-3.9.9\repository\repository\org\redisson\redisson-spring-data-31\3.23.1\redisson-spring-data-31-3.23.1.jar;D:\maven\apache-maven-3.9.9\repository\repository\com\baomidou\mybatis-plus-spring-boot3-starter\3.5.7\mybatis-plus-spring-boot3-starter-3.5.7.jar;D:\maven\apache-maven-3.9.9\repository\repository\com\baomidou\mybatis-plus\3.5.7\mybatis-plus-3.5.7.jar;D:\maven\apache-maven-3.9.9\repository\repository\com\baomidou\mybatis-plus-core\3.5.7\mybatis-plus-core-3.5.7.jar;D:\maven\apache-maven-3.9.9\repository\repository\com\baomidou\mybatis-plus-annotation\3.5.7\mybatis-plus-annotation-3.5.7.jar;D:\maven\apache-maven-3.9.9\repository\repository\com\baomidou\mybatis-plus-extension\3.5.7\mybatis-plus-extension-3.5.7.jar;D:\maven\apache-maven-3.9.9\repository\repository\com\github\jsqlparser\jsqlparser\4.9\jsqlparser-4.9.jar;D:\maven\apache-maven-3.9.9\repository\repository\com\baomidou\mybatis-plus-spring-boot-autoconfigure\3.5.7\mybatis-plus-spring-boot-autoconfigure-3.5.7.jar;D:\maven\apache-maven-3.9.9\repository\repository\org\springframework\boot\spring-boot-autoconfigure\3.4.5\spring-boot-autoconfigure-3.4.5.jar;D:\maven\apache-maven-3.9.9\repository\repository\org\springframework\boot\spring-boot-starter-data-jpa\3.4.5\spring-boot-starter-data-jpa-3.4.5.jar;D:\maven\apache-maven-3.9.9\repository\repository\org\hibernate\orm\hibernate-core\6.6.13.Final\hibernate-core-6.6.13.Final.jar;D:\maven\apache-maven-3.9.9\repository\repository\jakarta\persistence\jakarta.persistence-api\3.1.0\jakarta.persistence-api-3.1.0.jar;D:\maven\apache-maven-3.9.9\repository\repository\jakarta\transaction\jakarta.transaction-api\2.0.1\jakarta.transaction-api-2.0.1.jar;D:\maven\apache-maven-3.9.9\repository\repository\org\hibernate\common\hibernate-commons-annotations\7.0.3.Final\hibernate-commons-annotations-7.0.3.Final.jar;D:\maven\apache-maven-3.9.9\repository\repository\io\smallrye\jandex\3.2.0\jandex-3.2.0.jar;D:\maven\apache-maven-3.9.9\repository\repository\org\glassfish\jaxb\jaxb-runtime\4.0.5\jaxb-runtime-4.0.5.jar;D:\maven\apache-maven-3.9.9\repository\repository\org\glassfish\jaxb\jaxb-core\4.0.5\jaxb-core-4.0.5.jar;D:\maven\apache-maven-3.9.9\repository\repository\org\glassfish\jaxb\txw2\4.0.5\txw2-4.0.5.jar;D:\maven\apache-maven-3.9.9\repository\repository\com\sun\istack\istack-commons-runtime\4.1.2\istack-commons-runtime-4.1.2.jar;D:\maven\apache-maven-3.9.9\repository\repository\jakarta\inject\jakarta.inject-api\2.0.1\jakarta.inject-api-2.0.1.jar;D:\maven\apache-maven-3.9.9\repository\repository\org\antlr\antlr4-runtime\4.13.0\antlr4-runtime-4.13.0.jar;D:\maven\apache-maven-3.9.9\repository\repository\org\springframework\data\spring-data-jpa\3.4.5\spring-data-jpa-3.4.5.jar;D:\maven\apache-maven-3.9.9\repository\repository\org\springframework\data\spring-data-commons\3.4.5\spring-data-commons-3.4.5.jar;D:\maven\apache-maven-3.9.9\repository\repository\org\springframework\spring-orm\6.2.6\spring-orm-6.2.6.jar;D:\maven\apache-maven-3.9.9\repository\repository\org\springframework\spring-aspects\6.2.6\spring-aspects-6.2.6.jar;D:\maven\apache-maven-3.9.9\repository\repository\org\aspectj\aspectjweaver\1.9.24\aspectjweaver-1.9.24.jar;D:\maven\apache-maven-3.9.9\repository\repository\com\fasterxml\jackson\core\jackson-databind\2.18.3\jackson-databind-2.18.3.jar;D:\maven\apache-maven-3.9.9\repository\repository\com\fasterxml\jackson\core\jackson-annotations\2.18.3\jackson-annotations-2.18.3.jar;D:\maven\apache-maven-3.9.9\repository\repository\com\fasterxml\jackson\core\jackson-core\2.18.3\jackson-core-2.18.3.jar;D:\maven\apache-maven-3.9.9\repository\repository\org\apache\poi\poi-ooxml\5.2.3\poi-ooxml-5.2.3.jar;D:\maven\apache-maven-3.9.9\repository\repository\org\apache\poi\poi\5.2.3\poi-5.2.3.jar;D:\maven\apache-maven-3.9.9\repository\repository\commons-codec\commons-codec\1.17.2\commons-codec-1.17.2.jar;D:\maven\apache-maven-3.9.9\repository\repository\org\apache\commons\commons-math3\3.6.1\commons-math3-3.6.1.jar;D:\maven\apache-maven-3.9.9\repository\repository\com\zaxxer\SparseBitSet\1.2\SparseBitSet-1.2.jar;D:\maven\apache-maven-3.9.9\repository\repository\org\apache\poi\poi-ooxml-lite\5.2.3\poi-ooxml-lite-5.2.3.jar;D:\maven\apache-maven-3.9.9\repository\repository\org\apache\commons\commons-compress\1.21\commons-compress-1.21.jar;D:\maven\apache-maven-3.9.9\repository\repository\commons-io\commons-io\2.11.0\commons-io-2.11.0.jar;D:\maven\apache-maven-3.9.9\repository\repository\com\github\virtuald\curvesapi\1.07\curvesapi-1.07.jar;D:\maven\apache-maven-3.9.9\repository\repository\org\apache\logging\log4j\log4j-api\2.24.3\log4j-api-2.24.3.jar;D:\maven\apache-maven-3.9.9\repository\repository\org\apache\commons\commons-collections4\4.4\commons-collections4-4.4.jar;D:\maven\apache-maven-3.9.9\repository\repository\org\apache\xmlbeans\xmlbeans\5.1.1\xmlbeans-5.1.1.jar;D:\maven\apache-maven-3.9.9\repository\repository\com\github\pagehelper\pagehelper-spring-boot-starter\1.4.2\pagehelper-spring-boot-starter-1.4.2.jar;D:\maven\apache-maven-3.9.9\repository\repository\com\github\pagehelper\pagehelper-spring-boot-autoconfigure\1.4.2\pagehelper-spring-boot-autoconfigure-1.4.2.jar;D:\maven\apache-maven-3.9.9\repository\repository\com\github\pagehelper\pagehelper\5.3.0\pagehelper-5.3.0.jar;D:\maven\apache-maven-3.9.9\repository\repository\org\apache\logging\log4j\log4j-slf4j-impl\2.17.1\log4j-slf4j-impl-2.17.1.jar;D:\maven\apache-maven-3.9.9\repository\repository\org\slf4j\slf4j-api\2.0.17\slf4j-api-2.0.17.jar;D:\maven\apache-maven-3.9.9\repository\repository\org\apache\logging\log4j\log4j-core\2.24.3\log4j-core-2.24.3.jar;D:\maven\apache-maven-3.9.9\repository\repository\org\springframework\boot\spring-boot-starter-log4j2\3.4.5\spring-boot-starter-log4j2-3.4.5.jar;D:\maven\apache-maven-3.9.9\repository\repository\org\apache\logging\log4j\log4j-slf4j2-impl\2.24.3\log4j-slf4j2-impl-2.24.3.jar;D:\maven\apache-maven-3.9.9\repository\repository\org\apache\logging\log4j\log4j-jul\2.24.3\log4j-jul-2.24.3.jar;"/>
    <property name="java.vm.vendor" value="Oracle Corporation"/>
    <property name="sun.arch.data.model" value="64"/>
    <property name="user.variant" value=""/>
    <property name="java.vendor.url" value="https://java.oracle.com/"/>
    <property name="user.timezone" value="Asia/Shanghai"/>
    <property name="org.jboss.logging.provider" value="slf4j"/>
    <property name="os.name" value="Windows 11"/>
    <property name="java.vm.specification.version" value="17"/>
    <property name="sun.java.launcher" value="SUN_STANDARD"/>
    <property name="user.country" value="CN"/>
    <property name="sun.boot.library.path" value="D:\JDK\bin"/>
    <property name="sun.java.command" value="C:\Users\yangyingnan\AppData\Local\Temp\surefire2902288006122717364\surefirebooter-20250518124128875_3.jar C:\Users\yangyingnan\AppData\Local\Temp\surefire2902288006122717364 2025-05-18T12-41-28_769-jvmRun1 surefire-20250518124128875_1tmp surefire_0-20250518124128875_2tmp"/>
    <property name="jdk.debug" value="release"/>
    <property name="surefire.test.class.path" value="D:\天津港\Tianjava\target\test-classes;D:\天津港\Tianjava\target\classes;D:\maven\apache-maven-3.9.9\repository\repository\org\springframework\boot\spring-boot-starter-security\3.4.5\spring-boot-starter-security-3.4.5.jar;D:\maven\apache-maven-3.9.9\repository\repository\org\springframework\boot\spring-boot-starter\3.4.5\spring-boot-starter-3.4.5.jar;D:\maven\apache-maven-3.9.9\repository\repository\org\springframework\boot\spring-boot\3.4.5\spring-boot-3.4.5.jar;D:\maven\apache-maven-3.9.9\repository\repository\org\springframework\boot\spring-boot-starter-logging\3.4.5\spring-boot-starter-logging-3.4.5.jar;D:\maven\apache-maven-3.9.9\repository\repository\ch\qos\logback\logback-classic\1.5.18\logback-classic-1.5.18.jar;D:\maven\apache-maven-3.9.9\repository\repository\ch\qos\logback\logback-core\1.5.18\logback-core-1.5.18.jar;D:\maven\apache-maven-3.9.9\repository\repository\org\apache\logging\log4j\log4j-to-slf4j\2.24.3\log4j-to-slf4j-2.24.3.jar;D:\maven\apache-maven-3.9.9\repository\repository\org\slf4j\jul-to-slf4j\2.0.17\jul-to-slf4j-2.0.17.jar;D:\maven\apache-maven-3.9.9\repository\repository\jakarta\annotation\jakarta.annotation-api\2.1.1\jakarta.annotation-api-2.1.1.jar;D:\maven\apache-maven-3.9.9\repository\repository\org\yaml\snakeyaml\2.3\snakeyaml-2.3.jar;D:\maven\apache-maven-3.9.9\repository\repository\org\springframework\spring-aop\6.2.6\spring-aop-6.2.6.jar;D:\maven\apache-maven-3.9.9\repository\repository\org\springframework\spring-beans\6.2.6\spring-beans-6.2.6.jar;D:\maven\apache-maven-3.9.9\repository\repository\org\springframework\security\spring-security-config\6.4.5\spring-security-config-6.4.5.jar;D:\maven\apache-maven-3.9.9\repository\repository\org\springframework\spring-context\6.2.6\spring-context-6.2.6.jar;D:\maven\apache-maven-3.9.9\repository\repository\org\springframework\security\spring-security-web\6.4.5\spring-security-web-6.4.5.jar;D:\maven\apache-maven-3.9.9\repository\repository\org\springframework\spring-expression\6.2.6\spring-expression-6.2.6.jar;D:\maven\apache-maven-3.9.9\repository\repository\org\springframework\boot\spring-boot-starter-web\3.4.5\spring-boot-starter-web-3.4.5.jar;D:\maven\apache-maven-3.9.9\repository\repository\org\springframework\boot\spring-boot-starter-json\3.4.5\spring-boot-starter-json-3.4.5.jar;D:\maven\apache-maven-3.9.9\repository\repository\com\fasterxml\jackson\datatype\jackson-datatype-jdk8\2.18.3\jackson-datatype-jdk8-2.18.3.jar;D:\maven\apache-maven-3.9.9\repository\repository\com\fasterxml\jackson\datatype\jackson-datatype-jsr310\2.18.3\jackson-datatype-jsr310-2.18.3.jar;D:\maven\apache-maven-3.9.9\repository\repository\com\fasterxml\jackson\module\jackson-module-parameter-names\2.18.3\jackson-module-parameter-names-2.18.3.jar;D:\maven\apache-maven-3.9.9\repository\repository\org\springframework\boot\spring-boot-starter-tomcat\3.4.5\spring-boot-starter-tomcat-3.4.5.jar;D:\maven\apache-maven-3.9.9\repository\repository\org\apache\tomcat\embed\tomcat-embed-core\10.1.40\tomcat-embed-core-10.1.40.jar;D:\maven\apache-maven-3.9.9\repository\repository\org\apache\tomcat\embed\tomcat-embed-websocket\10.1.40\tomcat-embed-websocket-10.1.40.jar;D:\maven\apache-maven-3.9.9\repository\repository\org\springframework\spring-web\6.2.6\spring-web-6.2.6.jar;D:\maven\apache-maven-3.9.9\repository\repository\io\micrometer\micrometer-observation\1.14.6\micrometer-observation-1.14.6.jar;D:\maven\apache-maven-3.9.9\repository\repository\io\micrometer\micrometer-commons\1.14.6\micrometer-commons-1.14.6.jar;D:\maven\apache-maven-3.9.9\repository\repository\org\springframework\spring-webmvc\6.2.6\spring-webmvc-6.2.6.jar;D:\maven\apache-maven-3.9.9\repository\repository\org\mybatis\spring\boot\mybatis-spring-boot-starter\3.0.4\mybatis-spring-boot-starter-3.0.4.jar;D:\maven\apache-maven-3.9.9\repository\repository\org\springframework\boot\spring-boot-starter-jdbc\3.4.5\spring-boot-starter-jdbc-3.4.5.jar;D:\maven\apache-maven-3.9.9\repository\repository\com\zaxxer\HikariCP\5.1.0\HikariCP-5.1.0.jar;D:\maven\apache-maven-3.9.9\repository\repository\org\springframework\spring-jdbc\6.2.6\spring-jdbc-6.2.6.jar;D:\maven\apache-maven-3.9.9\repository\repository\org\mybatis\spring\boot\mybatis-spring-boot-autoconfigure\3.0.4\mybatis-spring-boot-autoconfigure-3.0.4.jar;D:\maven\apache-maven-3.9.9\repository\repository\org\mybatis\mybatis\3.5.17\mybatis-3.5.17.jar;D:\maven\apache-maven-3.9.9\repository\repository\org\mybatis\mybatis-spring\3.0.4\mybatis-spring-3.0.4.jar;D:\maven\apache-maven-3.9.9\repository\repository\org\springframework\boot\spring-boot-starter-data-redis\3.4.5\spring-boot-starter-data-redis-3.4.5.jar;D:\maven\apache-maven-3.9.9\repository\repository\io\lettuce\lettuce-core\6.4.2.RELEASE\lettuce-core-6.4.2.RELEASE.jar;D:\maven\apache-maven-3.9.9\repository\repository\io\netty\netty-common\4.1.119.Final\netty-common-4.1.119.Final.jar;D:\maven\apache-maven-3.9.9\repository\repository\io\netty\netty-handler\4.1.119.Final\netty-handler-4.1.119.Final.jar;D:\maven\apache-maven-3.9.9\repository\repository\io\netty\netty-transport-native-unix-common\4.1.119.Final\netty-transport-native-unix-common-4.1.119.Final.jar;D:\maven\apache-maven-3.9.9\repository\repository\io\netty\netty-transport\4.1.119.Final\netty-transport-4.1.119.Final.jar;D:\maven\apache-maven-3.9.9\repository\repository\io\projectreactor\reactor-core\3.7.5\reactor-core-3.7.5.jar;D:\maven\apache-maven-3.9.9\repository\repository\org\springframework\data\spring-data-redis\3.4.5\spring-data-redis-3.4.5.jar;D:\maven\apache-maven-3.9.9\repository\repository\org\springframework\data\spring-data-keyvalue\3.4.5\spring-data-keyvalue-3.4.5.jar;D:\maven\apache-maven-3.9.9\repository\repository\org\springframework\spring-tx\6.2.6\spring-tx-6.2.6.jar;D:\maven\apache-maven-3.9.9\repository\repository\org\springframework\spring-oxm\6.2.6\spring-oxm-6.2.6.jar;D:\maven\apache-maven-3.9.9\repository\repository\org\springframework\boot\spring-boot-starter-mail\3.4.5\spring-boot-starter-mail-3.4.5.jar;D:\maven\apache-maven-3.9.9\repository\repository\org\springframework\spring-context-support\6.2.6\spring-context-support-6.2.6.jar;D:\maven\apache-maven-3.9.9\repository\repository\org\eclipse\angus\jakarta.mail\2.0.3\jakarta.mail-2.0.3.jar;D:\maven\apache-maven-3.9.9\repository\repository\jakarta\activation\jakarta.activation-api\2.1.3\jakarta.activation-api-2.1.3.jar;D:\maven\apache-maven-3.9.9\repository\repository\org\eclipse\angus\angus-activation\2.0.2\angus-activation-2.0.2.jar;D:\maven\apache-maven-3.9.9\repository\repository\org\springframework\boot\spring-boot-starter-validation\3.4.5\spring-boot-starter-validation-3.4.5.jar;D:\maven\apache-maven-3.9.9\repository\repository\org\apache\tomcat\embed\tomcat-embed-el\10.1.40\tomcat-embed-el-10.1.40.jar;D:\maven\apache-maven-3.9.9\repository\repository\org\hibernate\validator\hibernate-validator\8.0.2.Final\hibernate-validator-8.0.2.Final.jar;D:\maven\apache-maven-3.9.9\repository\repository\jakarta\validation\jakarta.validation-api\3.0.2\jakarta.validation-api-3.0.2.jar;D:\maven\apache-maven-3.9.9\repository\repository\org\jboss\logging\jboss-logging\3.6.1.Final\jboss-logging-3.6.1.Final.jar;D:\maven\apache-maven-3.9.9\repository\repository\com\fasterxml\classmate\1.7.0\classmate-1.7.0.jar;D:\maven\apache-maven-3.9.9\repository\repository\com\auth0\java-jwt\4.4.0\java-jwt-4.4.0.jar;D:\maven\apache-maven-3.9.9\repository\repository\com\mysql\mysql-connector-j\9.1.0\mysql-connector-j-9.1.0.jar;D:\maven\apache-maven-3.9.9\repository\repository\org\projectlombok\lombok\1.18.38\lombok-1.18.38.jar;D:\maven\apache-maven-3.9.9\repository\repository\org\springframework\boot\spring-boot-starter-test\3.4.5\spring-boot-starter-test-3.4.5.jar;D:\maven\apache-maven-3.9.9\repository\repository\org\springframework\boot\spring-boot-test\3.4.5\spring-boot-test-3.4.5.jar;D:\maven\apache-maven-3.9.9\repository\repository\org\springframework\boot\spring-boot-test-autoconfigure\3.4.5\spring-boot-test-autoconfigure-3.4.5.jar;D:\maven\apache-maven-3.9.9\repository\repository\com\jayway\jsonpath\json-path\2.9.0\json-path-2.9.0.jar;D:\maven\apache-maven-3.9.9\repository\repository\jakarta\xml\bind\jakarta.xml.bind-api\4.0.2\jakarta.xml.bind-api-4.0.2.jar;D:\maven\apache-maven-3.9.9\repository\repository\net\minidev\json-smart\2.5.2\json-smart-2.5.2.jar;D:\maven\apache-maven-3.9.9\repository\repository\net\minidev\accessors-smart\2.5.2\accessors-smart-2.5.2.jar;D:\maven\apache-maven-3.9.9\repository\repository\org\ow2\asm\asm\9.7.1\asm-9.7.1.jar;D:\maven\apache-maven-3.9.9\repository\repository\org\assertj\assertj-core\3.26.3\assertj-core-3.26.3.jar;D:\maven\apache-maven-3.9.9\repository\repository\net\bytebuddy\byte-buddy\1.15.11\byte-buddy-1.15.11.jar;D:\maven\apache-maven-3.9.9\repository\repository\org\awaitility\awaitility\4.2.2\awaitility-4.2.2.jar;D:\maven\apache-maven-3.9.9\repository\repository\org\hamcrest\hamcrest\2.2\hamcrest-2.2.jar;D:\maven\apache-maven-3.9.9\repository\repository\org\junit\jupiter\junit-jupiter\5.11.4\junit-jupiter-5.11.4.jar;D:\maven\apache-maven-3.9.9\repository\repository\org\junit\jupiter\junit-jupiter-api\5.11.4\junit-jupiter-api-5.11.4.jar;D:\maven\apache-maven-3.9.9\repository\repository\org\opentest4j\opentest4j\1.3.0\opentest4j-1.3.0.jar;D:\maven\apache-maven-3.9.9\repository\repository\org\junit\platform\junit-platform-commons\1.11.4\junit-platform-commons-1.11.4.jar;D:\maven\apache-maven-3.9.9\repository\repository\org\apiguardian\apiguardian-api\1.1.2\apiguardian-api-1.1.2.jar;D:\maven\apache-maven-3.9.9\repository\repository\org\junit\jupiter\junit-jupiter-params\5.11.4\junit-jupiter-params-5.11.4.jar;D:\maven\apache-maven-3.9.9\repository\repository\org\junit\jupiter\junit-jupiter-engine\5.11.4\junit-jupiter-engine-5.11.4.jar;D:\maven\apache-maven-3.9.9\repository\repository\org\junit\platform\junit-platform-engine\1.11.4\junit-platform-engine-1.11.4.jar;D:\maven\apache-maven-3.9.9\repository\repository\org\mockito\mockito-core\5.14.2\mockito-core-5.14.2.jar;D:\maven\apache-maven-3.9.9\repository\repository\net\bytebuddy\byte-buddy-agent\1.15.11\byte-buddy-agent-1.15.11.jar;D:\maven\apache-maven-3.9.9\repository\repository\org\objenesis\objenesis\3.3\objenesis-3.3.jar;D:\maven\apache-maven-3.9.9\repository\repository\org\mockito\mockito-junit-jupiter\5.14.2\mockito-junit-jupiter-5.14.2.jar;D:\maven\apache-maven-3.9.9\repository\repository\org\skyscreamer\jsonassert\1.5.3\jsonassert-1.5.3.jar;D:\maven\apache-maven-3.9.9\repository\repository\com\vaadin\external\google\android-json\0.0.20131108.vaadin1\android-json-0.0.20131108.vaadin1.jar;D:\maven\apache-maven-3.9.9\repository\repository\org\springframework\spring-core\6.2.6\spring-core-6.2.6.jar;D:\maven\apache-maven-3.9.9\repository\repository\org\springframework\spring-jcl\6.2.6\spring-jcl-6.2.6.jar;D:\maven\apache-maven-3.9.9\repository\repository\org\springframework\spring-test\6.2.6\spring-test-6.2.6.jar;D:\maven\apache-maven-3.9.9\repository\repository\org\xmlunit\xmlunit-core\2.10.0\xmlunit-core-2.10.0.jar;D:\maven\apache-maven-3.9.9\repository\repository\org\mybatis\spring\boot\mybatis-spring-boot-starter-test\3.0.4\mybatis-spring-boot-starter-test-3.0.4.jar;D:\maven\apache-maven-3.9.9\repository\repository\org\mybatis\spring\boot\mybatis-spring-boot-test-autoconfigure\3.0.4\mybatis-spring-boot-test-autoconfigure-3.0.4.jar;D:\maven\apache-maven-3.9.9\repository\repository\org\springframework\security\spring-security-test\6.4.5\spring-security-test-6.4.5.jar;D:\maven\apache-maven-3.9.9\repository\repository\org\springframework\security\spring-security-core\6.4.5\spring-security-core-6.4.5.jar;D:\maven\apache-maven-3.9.9\repository\repository\org\springframework\security\spring-security-crypto\6.4.5\spring-security-crypto-6.4.5.jar;D:\maven\apache-maven-3.9.9\repository\repository\javax\annotation\javax.annotation-api\1.3.2\javax.annotation-api-1.3.2.jar;D:\maven\apache-maven-3.9.9\repository\repository\org\redisson\redisson-spring-boot-starter\3.23.1\redisson-spring-boot-starter-3.23.1.jar;D:\maven\apache-maven-3.9.9\repository\repository\org\springframework\boot\spring-boot-starter-actuator\3.4.5\spring-boot-starter-actuator-3.4.5.jar;D:\maven\apache-maven-3.9.9\repository\repository\org\springframework\boot\spring-boot-actuator-autoconfigure\3.4.5\spring-boot-actuator-autoconfigure-3.4.5.jar;D:\maven\apache-maven-3.9.9\repository\repository\org\springframework\boot\spring-boot-actuator\3.4.5\spring-boot-actuator-3.4.5.jar;D:\maven\apache-maven-3.9.9\repository\repository\io\micrometer\micrometer-jakarta9\1.14.6\micrometer-jakarta9-1.14.6.jar;D:\maven\apache-maven-3.9.9\repository\repository\io\micrometer\micrometer-core\1.14.6\micrometer-core-1.14.6.jar;D:\maven\apache-maven-3.9.9\repository\repository\org\hdrhistogram\HdrHistogram\2.2.2\HdrHistogram-2.2.2.jar;D:\maven\apache-maven-3.9.9\repository\repository\org\latencyutils\LatencyUtils\2.0.3\LatencyUtils-2.0.3.jar;D:\maven\apache-maven-3.9.9\repository\repository\org\redisson\redisson\3.23.1\redisson-3.23.1.jar;D:\maven\apache-maven-3.9.9\repository\repository\io\netty\netty-codec\4.1.119.Final\netty-codec-4.1.119.Final.jar;D:\maven\apache-maven-3.9.9\repository\repository\io\netty\netty-buffer\4.1.119.Final\netty-buffer-4.1.119.Final.jar;D:\maven\apache-maven-3.9.9\repository\repository\io\netty\netty-resolver\4.1.119.Final\netty-resolver-4.1.119.Final.jar;D:\maven\apache-maven-3.9.9\repository\repository\io\netty\netty-resolver-dns\4.1.119.Final\netty-resolver-dns-4.1.119.Final.jar;D:\maven\apache-maven-3.9.9\repository\repository\io\netty\netty-codec-dns\4.1.119.Final\netty-codec-dns-4.1.119.Final.jar;D:\maven\apache-maven-3.9.9\repository\repository\javax\cache\cache-api\1.1.1\cache-api-1.1.1.jar;D:\maven\apache-maven-3.9.9\repository\repository\org\reactivestreams\reactive-streams\1.0.4\reactive-streams-1.0.4.jar;D:\maven\apache-maven-3.9.9\repository\repository\io\reactivex\rxjava3\rxjava\3.1.10\rxjava-3.1.10.jar;D:\maven\apache-maven-3.9.9\repository\repository\org\jboss\marshalling\jboss-marshalling\2.0.11.Final\jboss-marshalling-2.0.11.Final.jar;D:\maven\apache-maven-3.9.9\repository\repository\org\jboss\marshalling\jboss-marshalling-river\2.0.11.Final\jboss-marshalling-river-2.0.11.Final.jar;D:\maven\apache-maven-3.9.9\repository\repository\com\esotericsoftware\kryo\5.5.0\kryo-5.5.0.jar;D:\maven\apache-maven-3.9.9\repository\repository\com\esotericsoftware\reflectasm\1.11.9\reflectasm-1.11.9.jar;D:\maven\apache-maven-3.9.9\repository\repository\com\esotericsoftware\minlog\1.3.1\minlog-1.3.1.jar;D:\maven\apache-maven-3.9.9\repository\repository\com\fasterxml\jackson\dataformat\jackson-dataformat-yaml\2.18.3\jackson-dataformat-yaml-2.18.3.jar;D:\maven\apache-maven-3.9.9\repository\repository\org\jodd\jodd-bean\5.1.6\jodd-bean-5.1.6.jar;D:\maven\apache-maven-3.9.9\repository\repository\org\jodd\jodd-core\5.1.6\jodd-core-5.1.6.jar;D:\maven\apache-maven-3.9.9\repository\repository\org\redisson\redisson-spring-data-31\3.23.1\redisson-spring-data-31-3.23.1.jar;D:\maven\apache-maven-3.9.9\repository\repository\com\baomidou\mybatis-plus-spring-boot3-starter\3.5.7\mybatis-plus-spring-boot3-starter-3.5.7.jar;D:\maven\apache-maven-3.9.9\repository\repository\com\baomidou\mybatis-plus\3.5.7\mybatis-plus-3.5.7.jar;D:\maven\apache-maven-3.9.9\repository\repository\com\baomidou\mybatis-plus-core\3.5.7\mybatis-plus-core-3.5.7.jar;D:\maven\apache-maven-3.9.9\repository\repository\com\baomidou\mybatis-plus-annotation\3.5.7\mybatis-plus-annotation-3.5.7.jar;D:\maven\apache-maven-3.9.9\repository\repository\com\baomidou\mybatis-plus-extension\3.5.7\mybatis-plus-extension-3.5.7.jar;D:\maven\apache-maven-3.9.9\repository\repository\com\github\jsqlparser\jsqlparser\4.9\jsqlparser-4.9.jar;D:\maven\apache-maven-3.9.9\repository\repository\com\baomidou\mybatis-plus-spring-boot-autoconfigure\3.5.7\mybatis-plus-spring-boot-autoconfigure-3.5.7.jar;D:\maven\apache-maven-3.9.9\repository\repository\org\springframework\boot\spring-boot-autoconfigure\3.4.5\spring-boot-autoconfigure-3.4.5.jar;D:\maven\apache-maven-3.9.9\repository\repository\org\springframework\boot\spring-boot-starter-data-jpa\3.4.5\spring-boot-starter-data-jpa-3.4.5.jar;D:\maven\apache-maven-3.9.9\repository\repository\org\hibernate\orm\hibernate-core\6.6.13.Final\hibernate-core-6.6.13.Final.jar;D:\maven\apache-maven-3.9.9\repository\repository\jakarta\persistence\jakarta.persistence-api\3.1.0\jakarta.persistence-api-3.1.0.jar;D:\maven\apache-maven-3.9.9\repository\repository\jakarta\transaction\jakarta.transaction-api\2.0.1\jakarta.transaction-api-2.0.1.jar;D:\maven\apache-maven-3.9.9\repository\repository\org\hibernate\common\hibernate-commons-annotations\7.0.3.Final\hibernate-commons-annotations-7.0.3.Final.jar;D:\maven\apache-maven-3.9.9\repository\repository\io\smallrye\jandex\3.2.0\jandex-3.2.0.jar;D:\maven\apache-maven-3.9.9\repository\repository\org\glassfish\jaxb\jaxb-runtime\4.0.5\jaxb-runtime-4.0.5.jar;D:\maven\apache-maven-3.9.9\repository\repository\org\glassfish\jaxb\jaxb-core\4.0.5\jaxb-core-4.0.5.jar;D:\maven\apache-maven-3.9.9\repository\repository\org\glassfish\jaxb\txw2\4.0.5\txw2-4.0.5.jar;D:\maven\apache-maven-3.9.9\repository\repository\com\sun\istack\istack-commons-runtime\4.1.2\istack-commons-runtime-4.1.2.jar;D:\maven\apache-maven-3.9.9\repository\repository\jakarta\inject\jakarta.inject-api\2.0.1\jakarta.inject-api-2.0.1.jar;D:\maven\apache-maven-3.9.9\repository\repository\org\antlr\antlr4-runtime\4.13.0\antlr4-runtime-4.13.0.jar;D:\maven\apache-maven-3.9.9\repository\repository\org\springframework\data\spring-data-jpa\3.4.5\spring-data-jpa-3.4.5.jar;D:\maven\apache-maven-3.9.9\repository\repository\org\springframework\data\spring-data-commons\3.4.5\spring-data-commons-3.4.5.jar;D:\maven\apache-maven-3.9.9\repository\repository\org\springframework\spring-orm\6.2.6\spring-orm-6.2.6.jar;D:\maven\apache-maven-3.9.9\repository\repository\org\springframework\spring-aspects\6.2.6\spring-aspects-6.2.6.jar;D:\maven\apache-maven-3.9.9\repository\repository\org\aspectj\aspectjweaver\1.9.24\aspectjweaver-1.9.24.jar;D:\maven\apache-maven-3.9.9\repository\repository\com\fasterxml\jackson\core\jackson-databind\2.18.3\jackson-databind-2.18.3.jar;D:\maven\apache-maven-3.9.9\repository\repository\com\fasterxml\jackson\core\jackson-annotations\2.18.3\jackson-annotations-2.18.3.jar;D:\maven\apache-maven-3.9.9\repository\repository\com\fasterxml\jackson\core\jackson-core\2.18.3\jackson-core-2.18.3.jar;D:\maven\apache-maven-3.9.9\repository\repository\org\apache\poi\poi-ooxml\5.2.3\poi-ooxml-5.2.3.jar;D:\maven\apache-maven-3.9.9\repository\repository\org\apache\poi\poi\5.2.3\poi-5.2.3.jar;D:\maven\apache-maven-3.9.9\repository\repository\commons-codec\commons-codec\1.17.2\commons-codec-1.17.2.jar;D:\maven\apache-maven-3.9.9\repository\repository\org\apache\commons\commons-math3\3.6.1\commons-math3-3.6.1.jar;D:\maven\apache-maven-3.9.9\repository\repository\com\zaxxer\SparseBitSet\1.2\SparseBitSet-1.2.jar;D:\maven\apache-maven-3.9.9\repository\repository\org\apache\poi\poi-ooxml-lite\5.2.3\poi-ooxml-lite-5.2.3.jar;D:\maven\apache-maven-3.9.9\repository\repository\org\apache\commons\commons-compress\1.21\commons-compress-1.21.jar;D:\maven\apache-maven-3.9.9\repository\repository\commons-io\commons-io\2.11.0\commons-io-2.11.0.jar;D:\maven\apache-maven-3.9.9\repository\repository\com\github\virtuald\curvesapi\1.07\curvesapi-1.07.jar;D:\maven\apache-maven-3.9.9\repository\repository\org\apache\logging\log4j\log4j-api\2.24.3\log4j-api-2.24.3.jar;D:\maven\apache-maven-3.9.9\repository\repository\org\apache\commons\commons-collections4\4.4\commons-collections4-4.4.jar;D:\maven\apache-maven-3.9.9\repository\repository\org\apache\xmlbeans\xmlbeans\5.1.1\xmlbeans-5.1.1.jar;D:\maven\apache-maven-3.9.9\repository\repository\com\github\pagehelper\pagehelper-spring-boot-starter\1.4.2\pagehelper-spring-boot-starter-1.4.2.jar;D:\maven\apache-maven-3.9.9\repository\repository\com\github\pagehelper\pagehelper-spring-boot-autoconfigure\1.4.2\pagehelper-spring-boot-autoconfigure-1.4.2.jar;D:\maven\apache-maven-3.9.9\repository\repository\com\github\pagehelper\pagehelper\5.3.0\pagehelper-5.3.0.jar;D:\maven\apache-maven-3.9.9\repository\repository\org\apache\logging\log4j\log4j-slf4j-impl\2.17.1\log4j-slf4j-impl-2.17.1.jar;D:\maven\apache-maven-3.9.9\repository\repository\org\slf4j\slf4j-api\2.0.17\slf4j-api-2.0.17.jar;D:\maven\apache-maven-3.9.9\repository\repository\org\apache\logging\log4j\log4j-core\2.24.3\log4j-core-2.24.3.jar;D:\maven\apache-maven-3.9.9\repository\repository\org\springframework\boot\spring-boot-starter-log4j2\3.4.5\spring-boot-starter-log4j2-3.4.5.jar;D:\maven\apache-maven-3.9.9\repository\repository\org\apache\logging\log4j\log4j-slf4j2-impl\2.24.3\log4j-slf4j2-impl-2.24.3.jar;D:\maven\apache-maven-3.9.9\repository\repository\org\apache\logging\log4j\log4j-jul\2.24.3\log4j-jul-2.24.3.jar;"/>
    <property name="sun.cpu.endian" value="little"/>
    <property name="user.home" value="C:\Users\yangyingnan"/>
    <property name="user.language" value="zh"/>
    <property name="java.specification.vendor" value="Oracle Corporation"/>
    <property name="java.version.date" value="2022-04-22"/>
    <property name="java.home" value="D:\JDK"/>
    <property name="file.separator" value="\"/>
    <property name="basedir" value="D:\天津港\Tianjava"/>
    <property name="java.vm.compressedOopsMode" value="Zero based"/>
    <property name="line.separator" value="&#10;"/>
    <property name="java.vm.specification.vendor" value="Oracle Corporation"/>
    <property name="java.specification.name" value="Java Platform API Specification"/>
    <property name="FILE_LOG_CHARSET" value="GBK"/>
    <property name="java.awt.headless" value="true"/>
    <property name="surefire.real.class.path" value="C:\Users\yangyingnan\AppData\Local\Temp\surefire2902288006122717364\surefirebooter-20250518124128875_3.jar"/>
    <property name="user.script" value=""/>
    <property name="sun.management.compiler" value="HotSpot 64-Bit Tiered Compilers"/>
    <property name="java.runtime.version" value="17.0.3.1+2-LTS-6"/>
    <property name="user.name" value="yangyingnan"/>
    <property name="path.separator" value=";"/>
    <property name="os.version" value="10.0"/>
    <property name="java.runtime.name" value="Java(TM) SE Runtime Environment"/>
    <property name="file.encoding" value="GBK"/>
    <property name="java.vm.name" value="Java HotSpot(TM) 64-Bit Server VM"/>
    <property name="localRepository" value="D:\maven\apache-maven-3.9.9\repository\repository"/>
    <property name="java.vendor.url.bug" value="https://bugreport.java.com/bugreport/"/>
    <property name="java.io.tmpdir" value="C:\Users\YANGYI~1\AppData\Local\Temp\"/>
    <property name="com.zaxxer.hikari.pool_number" value="1"/>
    <property name="java.version" value="17.0.3.1"/>
    <property name="user.dir" value="D:\天津港\Tianjava"/>
    <property name="os.arch" value="amd64"/>
    <property name="java.vm.specification.name" value="Java Virtual Machine Specification"/>
    <property name="PID" value="29112"/>
    <property name="sun.os.patch.level" value=""/>
    <property name="CONSOLE_LOG_CHARSET" value="GBK"/>
    <property name="native.encoding" value="GBK"/>
    <property name="java.library.path" value="D:\JDK\bin;C:\Windows\Sun\Java\bin;C:\Windows\system32;C:\Windows;C:\Windows\system32;C:\Windows;C:\Windows\System32\Wbem;C:\Windows\System32\WindowsPowerShell\v1.0\;C:\Windows\System32\OpenSSH\;C:\Program Files (x86)\NVIDIA Corporation\PhysX\Common;C:\Program Files\NVIDIA Corporation\NVIDIA NvDLISR;C:\Program Files\dotnet\;D:\GIT\Git\cmd;D:\maven\apache-maven-3.9.9\bin;D:\JDK\bin;C:\Program Files\MySQL\MySQL Server 8.0\bin;C:\Users\yangyingnan\AppData\Local\Microsoft\WindowsApps;;D:\IDEA\IntelliJ IDEA 2024.1\bin;;."/>
    <property name="java.vm.info" value="mixed mode, sharing"/>
    <property name="java.vendor" value="Oracle Corporation"/>
    <property name="java.vm.version" value="17.0.3.1+2-LTS-6"/>
    <property name="sun.io.unicode.encoding" value="UnicodeLittle"/>
    <property name="java.class.version" value="61.0"/>
  </properties>
  <testcase name="contextLoads" classname="com.tian.tianjava.TianDemo2ApplicationTests" time="0.41">
    <system-out><![CDATA[12:41:29.496 [main] INFO org.springframework.test.context.support.AnnotationConfigContextLoaderUtils -- Could not detect default configuration classes for test class [com.tian.tianjava.TianDemo2ApplicationTests]: TianDemo2ApplicationTests does not declare any static, non-private, non-final, nested classes annotated with @Configuration.
12:41:29.593 [main] INFO org.springframework.boot.test.context.SpringBootTestContextBootstrapper -- Found @SpringBootConfiguration com.tian.tianjava.TianjavaApplication for test class com.tian.tianjava.TianDemo2ApplicationTests

  .   ____          _            __ _ _
 /\\ / ___'_ __ _ _(_)_ __  __ _ \ \ \ \
( ( )\___ | '_ | '_| | '_ \/ _` | \ \ \ \
 \\/  ___)| |_)| | | | | || (_| |  ) ) ) )
  '  |____| .__|_| |_|_| |_\__, | / / / /
 =========|_|==============|___/=/_/_/_/

 :: Spring Boot ::                (v3.4.5)

2025-05-18T12:41:29.995+08:00  INFO 29112 --- [           main] c.t.tianjava.TianDemo2ApplicationTests   : Starting TianDemo2ApplicationTests using Java 17.0.3.1 with PID 29112 (started by yangyingnan in D:\天津港\Tianjava)
2025-05-18T12:41:29.996+08:00  INFO 29112 --- [           main] c.t.tianjava.TianDemo2ApplicationTests   : No active profile set, falling back to 1 default profile: "default"
2025-05-18T12:41:31.237+08:00  INFO 29112 --- [           main] .s.d.r.c.RepositoryConfigurationDelegate : Multiple Spring Data modules found, entering strict repository configuration mode
2025-05-18T12:41:31.238+08:00  INFO 29112 --- [           main] .s.d.r.c.RepositoryConfigurationDelegate : Bootstrapping Spring Data JPA repositories in DEFAULT mode.
2025-05-18T12:41:31.254+08:00  INFO 29112 --- [           main] .s.d.r.c.RepositoryConfigurationDelegate : Finished Spring Data repository scanning in 6 ms. Found 0 JPA repository interfaces.
2025-05-18T12:41:31.269+08:00  INFO 29112 --- [           main] .s.d.r.c.RepositoryConfigurationDelegate : Multiple Spring Data modules found, entering strict repository configuration mode
2025-05-18T12:41:31.270+08:00  INFO 29112 --- [           main] .s.d.r.c.RepositoryConfigurationDelegate : Bootstrapping Spring Data Redis repositories in DEFAULT mode.
2025-05-18T12:41:31.283+08:00  INFO 29112 --- [           main] .s.d.r.c.RepositoryConfigurationDelegate : Finished Spring Data repository scanning in 2 ms. Found 0 Redis repository interfaces.
2025-05-18T12:41:32.192+08:00  INFO 29112 --- [           main] com.zaxxer.hikari.HikariDataSource       : HikariPool-1 - Starting...
2025-05-18T12:41:32.689+08:00  INFO 29112 --- [           main] com.zaxxer.hikari.pool.HikariPool        : HikariPool-1 - Added connection com.mysql.cj.jdbc.ConnectionImpl@3b64f131
2025-05-18T12:41:32.691+08:00  INFO 29112 --- [           main] com.zaxxer.hikari.HikariDataSource       : HikariPool-1 - Start completed.
2025-05-18T12:41:32.764+08:00  INFO 29112 --- [           main] o.hibernate.jpa.internal.util.LogHelper  : HHH000204: Processing PersistenceUnitInfo [name: default]
2025-05-18T12:41:32.840+08:00  INFO 29112 --- [           main] org.hibernate.Version                    : HHH000412: Hibernate ORM core version 6.6.13.Final
2025-05-18T12:41:32.881+08:00  INFO 29112 --- [           main] o.h.c.internal.RegionFactoryInitiator    : HHH000026: Second-level cache disabled
2025-05-18T12:41:33.221+08:00  INFO 29112 --- [           main] o.s.o.j.p.SpringPersistenceUnitInfo      : No LoadTimeWeaver setup: ignoring JPA class transformer
2025-05-18T12:41:33.294+08:00  INFO 29112 --- [           main] org.hibernate.orm.connections.pooling    : HHH10001005: Database info:
	Database JDBC URL [Connecting through datasource 'HikariDataSource (HikariPool-1)']
	Database driver: undefined/unknown
	Database version: 8.0.33
	Autocommit mode: undefined/unknown
	Isolation level: undefined/unknown
	Minimum pool size: undefined/unknown
	Maximum pool size: undefined/unknown
2025-05-18T12:41:33.528+08:00  INFO 29112 --- [           main] o.h.e.t.j.p.i.JtaPlatformInitiator       : HHH000489: No JTA platform available (set 'hibernate.transaction.jta.platform' to enable JTA platform integration)
2025-05-18T12:41:33.531+08:00  INFO 29112 --- [           main] j.LocalContainerEntityManagerFactoryBean : Initialized JPA EntityManagerFactory for persistence unit 'default'
 _ _   |_  _ _|_. ___ _ |    _ 
| | |\/|_)(_| | |_\  |_)||_|_\ 
     /               |         
                        3.5.7 
✅ SecurityContext 配置已生效: MODE_INHERITABLETHREADLOCAL
2025-05-18T12:41:34.324+08:00  WARN 29112 --- [           main] JpaBaseConfiguration$JpaWebConfiguration : spring.jpa.open-in-view is enabled by default. Therefore, database queries may be performed during view rendering. Explicitly configure spring.jpa.open-in-view to disable this warning
2025-05-18T12:41:34.393+08:00  WARN 29112 --- [           main] .s.s.UserDetailsServiceAutoConfiguration : 

Using generated security password: 4c367999-5850-426a-9c47-848f72afc403

This generated password is for development use only. Your security configuration must be updated before running your application in production.

2025-05-18T12:41:34.420+08:00  INFO 29112 --- [           main] r$InitializeUserDetailsManagerConfigurer : Global AuthenticationManager configured with UserDetailsService bean with name inMemoryUserDetailsManager
2025-05-18T12:41:35.607+08:00  INFO 29112 --- [           main] org.redisson.Version                     : Redisson 3.23.1
2025-05-18T12:41:35.859+08:00  INFO 29112 --- [isson-netty-2-6] o.r.c.pool.MasterPubSubConnectionPool    : 1 connections initialized for localhost/127.0.0.1:6379
2025-05-18T12:41:35.910+08:00  INFO 29112 --- [sson-netty-2-20] o.r.c.pool.MasterConnectionPool          : 24 connections initialized for localhost/127.0.0.1:6379
2025-05-18T12:41:36.010+08:00  INFO 29112 --- [           main] o.s.b.a.e.web.EndpointLinksResolver      : Exposing 1 endpoint beneath base path '/actuator'
其他请求需要身份认证
zznull
2025-05-18T12:41:37.383+08:00  INFO 29112 --- [           main] c.t.tianjava.TianDemo2ApplicationTests   : Started TianDemo2ApplicationTests in 7.651 seconds (process running for 8.422)
]]></system-out>
    <system-err><![CDATA[SLF4J(W): Class path contains multiple SLF4J providers.
SLF4J(W): Found provider [ch.qos.logback.classic.spi.LogbackServiceProvider@7671cb68]
SLF4J(W): Found provider [org.apache.logging.slf4j.SLF4JServiceProvider@49dc7102]
SLF4J(W): See https://www.slf4j.org/codes.html#multiple_bindings for an explanation.
SLF4J(I): Actual provider is of type [ch.qos.logback.classic.spi.LogbackServiceProvider@7671cb68]
]]></system-err>
  </testcase>
</testsuite>